<?xml version="1.0" encoding="UTF-8"?>
<!-- Generated by org.testng.reporters.JUnitReportReporter -->
<testsuite hostname="Sneha-jijin" failures="0" tests="1" name="com.demowebshop.tests.loginTest2" time="6.115" errors="0" timestamp="2024-09-23T20:11:40 IST" skipped="0">
  <testcase classname="com.demowebshop.tests.loginTest2" name="verifyUserAbleToLoginwithValidCredn" time="6.115"/>
</testsuite> <!-- com.demowebshop.tests.loginTest2 -->
