<?xml version="1.0" encoding="UTF-8"?>
<!-- Generated by org.testng.reporters.JUnitReportReporter -->
<testsuite hostname="Sneha-jijin" failures="0" tests="1" name="com.demowebshop.tests.loginTest" time="183.070" errors="0" timestamp="2024-10-10T12:55:17 IST" skipped="0">
  <testcase classname="com.demowebshop.tests.loginTest" name="verifyUserAbleToLoginwithValidCredn" time="183.070"/>
</testsuite> <!-- com.demowebshop.tests.loginTest -->
