<?xml version="1.0" encoding="UTF-8"?>
<!-- Generated by org.testng.reporters.JUnitReportReporter -->
<testsuite hostname="Sneha-jijin" failures="0" tests="1" name="com.demowebshop.tests.ApparelAndShoesProductTest" time="6.497" errors="0" timestamp="2024-10-09T10:52:15 IST" skipped="0">
  <testcase classname="com.demowebshop.tests.ApparelAndShoesProductTest" name="verifyApparelAndShoesDisplayItems" time="6.497"/>
</testsuite> <!-- com.demowebshop.tests.ApparelAndShoesProductTest -->
