<?xml version="1.0" encoding="UTF-8"?>
<!-- Generated by org.testng.reporters.JUnitReportReporter -->
<testsuite hostname="Sneha-jijin" failures="0" tests="1" name="com.demowebshop.tests.ExcelReadRegistrationTest" time="6.915" errors="0" timestamp="2024-10-10T15:01:25 IST" skipped="0">
  <testcase classname="com.demowebshop.tests.ExcelReadRegistrationTest" name="verifyUserAbleToRegisterWithValidCredn" time="6.915"/>
</testsuite> <!-- com.demowebshop.tests.ExcelReadRegistrationTest -->
