<?xml version="1.0" encoding="UTF-8"?>
<!-- Generated by org.testng.reporters.JUnitReportReporter -->
<testsuite hostname="Sneha-jijin" failures="0" tests="1" name="com.demowebshop.tests.loginTest" time="56.258" errors="0" timestamp="2024-10-10T13:02:46 IST" skipped="0">
  <testcase classname="com.demowebshop.tests.loginTest" name="verifyUserAbleToLoginwithValidCredn" time="56.258"/>
</testsuite> <!-- com.demowebshop.tests.loginTest -->
