<?xml version="1.0" encoding="UTF-8"?>
<!-- Generated by org.testng.reporters.JUnitReportReporter -->
<testsuite hostname="Sneha-jijin" failures="0" tests="1" name="com.demowebshop.tests.DiamondSearchTest" time="36.723" errors="0" timestamp="2024-10-12T15:05:40 IST" skipped="0">
  <testcase classname="com.demowebshop.tests.DiamondSearchTest" name="verifyDiamondTextInSearchResult" time="36.723"/>
</testsuite> <!-- com.demowebshop.tests.DiamondSearchTest -->
