<?xml version="1.0" encoding="UTF-8"?>
<!-- Generated by org.testng.reporters.JUnitReportReporter -->
<testsuite hostname="Sneha-jijin" failures="0" tests="1" name="com.demowebshop.tests.ApparelAndShoesProductTest" time="55.379" errors="0" timestamp="2024-10-10T13:02:46 IST" skipped="0">
  <testcase classname="com.demowebshop.tests.ApparelAndShoesProductTest" name="verifyApparelAndShoesDisplayItems" time="55.379"/>
</testsuite> <!-- com.demowebshop.tests.ApparelAndShoesProductTest -->
