<?xml version="1.0" encoding="UTF-8"?>
<!-- Generated by org.testng.reporters.JUnitReportReporter -->
<testsuite hostname="Sneha-jijin" failures="0" tests="1" name="com.demowebshop.tests.RegistrationDP2" time="89.830" errors="0" timestamp="2024-10-10T13:02:46 IST" skipped="0">
  <testcase classname="com.demowebshop.tests.RegistrationDP2" name="verifyUserAbleToMultipleRegisterWithValidCredn" time="89.830"/>
</testsuite> <!-- com.demowebshop.tests.RegistrationDP2 -->
