<?xml version="1.0" encoding="UTF-8"?>
<!-- Generated by org.testng.reporters.JUnitReportReporter -->
<testsuite hostname="Sneha-jijin" failures="0" tests="1" name="com.demowebshop.tests.SubScriptionTest" time="14.824" errors="0" timestamp="2024-10-12T15:05:40 IST" skipped="0">
  <testcase classname="com.demowebshop.tests.SubScriptionTest" name="userAbleToSubscribeWithValidMail" time="14.824"/>
</testsuite> <!-- com.demowebshop.tests.SubScriptionTest -->
