<?xml version="1.0" encoding="UTF-8"?>
<!-- Generated by org.testng.reporters.JUnitReportReporter -->
<testsuite hostname="Sneha-jijin" failures="0" tests="1" name="com.demowebshop.tests.registrationTest" time="26.230" errors="0" timestamp="2024-10-10T13:02:46 IST" skipped="0">
  <testcase classname="com.demowebshop.tests.registrationTest" name="verifyUserAbleToRegisterWithValidCredn" time="26.230"/>
</testsuite> <!-- com.demowebshop.tests.registrationTest -->
