<?xml version="1.0" encoding="UTF-8"?>
<!-- Generated by org.testng.reporters.JUnitReportReporter -->
<testsuite hostname="Sneha-jijin" failures="0" tests="1" name="com.demowebshop.tests.DiamondSearchTest" time="15.512" errors="0" timestamp="2024-10-10T15:01:25 IST" skipped="0">
  <testcase classname="com.demowebshop.tests.DiamondSearchTest" name="verifyDiamondTextInSearchResult" time="15.512"/>
</testsuite> <!-- com.demowebshop.tests.DiamondSearchTest -->
